<?xml version="1.0" encoding="UTF-8"?>
<robot generator="Robot 7.1 (Python 3.12.7 on darwin)" generated="2024-10-11T00:15:23.675007" rpa="false" schemaversion="5">
<suite id="s1" name="Simple Test" source="/Users/albertfayzullin/Documents/QA/robot_project/test_cases/simple_test.robot">
<kw name="Open Ainur Application" owner="keywords" type="SETUP">
<kw name="Open Browser" owner="SeleniumLibrary">
<msg time="2024-10-11T00:15:24.262360" level="INFO">Opening browser 'chrome' to base url 'https://web.ainur.app/anonymous/login/'.</msg>
<arg>${URL}</arg>
<arg>${BROWSER}</arg>
<doc>Opens a new browser instance to the optional ``url``.</doc>
<status status="PASS" start="2024-10-11T00:15:24.261829" elapsed="6.638476"/>
</kw>
<kw name="Maximize Browser Window" owner="SeleniumLibrary">
<doc>Maximizes current browser window.</doc>
<status status="PASS" start="2024-10-11T00:15:30.910352" elapsed="0.494278"/>
</kw>
<kw name="Title Should Be" owner="SeleniumLibrary">
<msg time="2024-10-11T00:15:31.439255" level="INFO">Page title is 'Sign in'.</msg>
<arg>Sign in</arg>
<doc>Verifies that the current page title equals ``title``.</doc>
<status status="PASS" start="2024-10-11T00:15:31.415312" elapsed="0.024087"/>
</kw>
<status status="PASS" start="2024-10-11T00:15:24.260706" elapsed="7.178897"/>
</kw>
<test id="s1-t1" name="Create Product Successfully" line="8">
<kw name="Given User Is Logged In" owner="keywords">
<kw name="Input Text" owner="SeleniumLibrary">
<msg time="2024-10-11T00:15:31.442998" level="INFO">Typing text 'albert.f@ainur.app' into text field 'login'.</msg>
<arg>${LOGIN_INPUT}</arg>
<arg>${USERNAME}</arg>
<doc>Types the given ``text`` into the text field identified by ``locator``.</doc>
<status status="PASS" start="2024-10-11T00:15:31.441746" elapsed="0.452653"/>
</kw>
<kw name="Input Text" owner="SeleniumLibrary">
<msg time="2024-10-11T00:15:31.895864" level="INFO">Typing text 'jd12061995' into text field 'password'.</msg>
<arg>${PASSWORD_INPUT}</arg>
<arg>${PASSWORD}</arg>
<doc>Types the given ``text`` into the text field identified by ``locator``.</doc>
<status status="PASS" start="2024-10-11T00:15:31.894973" elapsed="0.208349"/>
</kw>
<kw name="Click Element" owner="SeleniumLibrary">
<msg time="2024-10-11T00:15:32.104014" level="INFO">Clicking element 'xpath=//BUTTON[@ng-class='{disabled: loading}']'.</msg>
<arg>${LOGIN_BUTTON}</arg>
<doc>Click the element identified by ``locator``.</doc>
<status status="PASS" start="2024-10-11T00:15:32.103693" elapsed="0.131198"/>
</kw>
<kw name="Wait Until Page Contains Element" owner="SeleniumLibrary">
<arg>${DASHBOARD_ELEMENT}</arg>
<arg>timeout=10s</arg>
<doc>Waits until the element ``locator`` appears on the current page.</doc>
<status status="PASS" start="2024-10-11T00:15:32.235123" elapsed="1.349423"/>
</kw>
<status status="PASS" start="2024-10-11T00:15:31.441305" elapsed="2.145790"/>
</kw>
<kw name="When User Navigates To Product Page" owner="keywords">
<kw name="Click Element" owner="SeleniumLibrary">
<msg time="2024-10-11T00:15:33.601220" level="INFO">Clicking element 'xpath=//*[@id="subMenu"]/div/div[2]/div/div/div[2]/a'.</msg>
<arg>${PRODUCT_MENU}</arg>
<doc>Click the element identified by ``locator``.</doc>
<status status="PASS" start="2024-10-11T00:15:33.597128" elapsed="0.488282"/>
</kw>
<kw name="Wait Until Page Contains Element" owner="SeleniumLibrary">
<arg>${PAGINATION_ELEMENT}</arg>
<arg>timeout=15s</arg>
<doc>Waits until the element ``locator`` appears on the current page.</doc>
<status status="PASS" start="2024-10-11T00:15:34.085650" elapsed="0.722424"/>
</kw>
<status status="PASS" start="2024-10-11T00:15:33.590147" elapsed="1.218152"/>
</kw>
<kw name="And User Creates New Product">
<kw name="Input Product Name" owner="keywords">
<kw name="Click Element" owner="SeleniumLibrary">
<msg time="2024-10-11T00:15:34.810619" level="INFO">Clicking element 'xpath=//*[@id="sidebar"]/div/ui-view/ui-view/div[1]/div[3]/div/a[1]'.</msg>
<arg>${NEW_PRODUCT_BUTTON}</arg>
<doc>Click the element identified by ``locator``.</doc>
<status status="PASS" start="2024-10-11T00:15:34.810353" elapsed="0.102075"/>
</kw>
<kw name="Wait Until Page Contains Element" owner="SeleniumLibrary">
<arg>${PRODUCT_MODAL}</arg>
<arg>timeout=10s</arg>
<doc>Waits until the element ``locator`` appears on the current page.</doc>
<status status="PASS" start="2024-10-11T00:15:34.913318" elapsed="2.433189"/>
</kw>
<kw name="Input Text" owner="SeleniumLibrary">
<msg time="2024-10-11T00:15:37.347066" level="INFO">Typing text 'AinurAutoTest' into text field 'xpath=//input[@ng-model='data.name']'.</msg>
<arg>${INPUT_NAME}</arg>
<arg>${name}</arg>
<doc>Types the given ``text`` into the text field identified by ``locator``.</doc>
<status status="PASS" start="2024-10-11T00:15:37.346739" elapsed="0.675947"/>
</kw>
<arg>${name}</arg>
<status status="PASS" start="2024-10-11T00:15:34.809980" elapsed="3.212919"/>
</kw>
<kw name="Input Article" owner="keywords">
<kw name="Input Text" owner="SeleniumLibrary">
<msg time="2024-10-11T00:15:38.024359" level="INFO">Typing text '1027514' into text field 'xpath=//*[@id="state-modal"]/div[2]/div[2]/div/form/ng-include[1]/div/div[3]/div[3]/input'.</msg>
<arg>${INPUT_ARTICLE}</arg>
<arg>${article}</arg>
<doc>Types the given ``text`` into the text field identified by ``locator``.</doc>
<status status="PASS" start="2024-10-11T00:15:38.023932" elapsed="0.342779"/>
</kw>
<arg>${article}</arg>
<status status="PASS" start="2024-10-11T00:15:38.023215" elapsed="0.343648"/>
</kw>
<kw name="Select Marking Type" owner="keywords">
<kw name="Wait Until Element Is Visible" owner="SeleniumLibrary">
<arg>${MARKING_DROPDOWN}</arg>
<arg>timeout=10s</arg>
<doc>Waits until the element ``locator`` is visible.</doc>
<status status="PASS" start="2024-10-11T00:15:38.367732" elapsed="0.036745"/>
</kw>
<kw name="Click Element" owner="SeleniumLibrary">
<msg time="2024-10-11T00:15:38.405051" level="INFO">Clicking element 'xpath=//*[@id="state-modal"]/div[2]/div[2]/div/form/ng-include[1]/div/div[4]/div[6]/div'.</msg>
<arg>${MARKING_DROPDOWN}</arg>
<doc>Click the element identified by ``locator``.</doc>
<status status="PASS" start="2024-10-11T00:15:38.404755" elapsed="0.136000"/>
</kw>
<kw name="Wait Until Element Is Visible" owner="SeleniumLibrary">
<arg>${MARKING_DROPDOWN_ITEM}</arg>
<arg>timeout=10s</arg>
<doc>Waits until the element ``locator`` is visible.</doc>
<status status="PASS" start="2024-10-11T00:15:38.541180" elapsed="0.058119"/>
</kw>
<kw name="Click Element" owner="SeleniumLibrary">
<msg time="2024-10-11T00:15:38.599882" level="INFO">Clicking element 'xpath=//*[@id="state-modal"]/div[2]/div[2]/div/form/ng-include[1]/div/div[4]/div[6]/div/div[2]/div[3]'.</msg>
<arg>${MARKING_DROPDOWN_ITEM}</arg>
<doc>Click the element identified by ``locator``.</doc>
<status status="PASS" start="2024-10-11T00:15:38.599581" elapsed="0.110128"/>
</kw>
<status status="PASS" start="2024-10-11T00:15:38.367116" elapsed="0.342739"/>
</kw>
<kw name="Input Purchase Price" owner="keywords">
<kw name="Input Text" owner="SeleniumLibrary">
<msg time="2024-10-11T00:15:38.711045" level="INFO">Typing text '450.5' into text field 'xpath=//input[@ng-model='data.purchase']'.</msg>
<arg>${INPUT_PURCHASE}</arg>
<arg>${price}</arg>
<doc>Types the given ``text`` into the text field identified by ``locator``.</doc>
<status status="PASS" start="2024-10-11T00:15:38.710674" elapsed="0.271261"/>
</kw>
<arg>${purchase_price}</arg>
<status status="PASS" start="2024-10-11T00:15:38.710083" elapsed="0.272006"/>
</kw>
<kw name="Save Product" owner="keywords">
<kw name="Wait Until Element Is Visible" owner="SeleniumLibrary">
<arg>${SAVE_BUTTON}</arg>
<arg>timeout=10s</arg>
<doc>Waits until the element ``locator`` is visible.</doc>
<status status="PASS" start="2024-10-11T00:15:38.982965" elapsed="0.038580"/>
</kw>
<kw name="Click Element" owner="SeleniumLibrary">
<msg time="2024-10-11T00:15:39.022062" level="INFO">Clicking element 'xpath=//a[contains(@class, 'ui button green') and not(contains(@class, 'disabled'))]//span[text()='Save']'.</msg>
<arg>${SAVE_BUTTON}</arg>
<doc>Click the element identified by ``locator``.</doc>
<status status="PASS" start="2024-10-11T00:15:39.021774" elapsed="0.103794"/>
</kw>
<status status="PASS" start="2024-10-11T00:15:38.982324" elapsed="0.144016"/>
</kw>
<arg>name=AinurAutoTest</arg>
<arg>article=1027514</arg>
<arg>purchase_price=450.5</arg>
<status status="PASS" start="2024-10-11T00:15:34.809228" elapsed="4.317226"/>
</kw>
<doc>Verify successful product creation in Ainur</doc>
<tag>product</tag>
<tag>regression</tag>
<status status="PASS" start="2024-10-11T00:15:31.439840" elapsed="7.687054"/>
</test>
<kw name="Close All Browsers" owner="SeleniumLibrary" type="TEARDOWN">
<doc>Closes all open browsers and resets the browser cache.</doc>
<status status="PASS" start="2024-10-11T00:15:39.127988" elapsed="0.465942"/>
</kw>
<doc>Test suite for product creation in Ainur application</doc>
<status status="PASS" start="2024-10-11T00:15:23.719096" elapsed="15.874983"/>
</suite>
<statistics>
<total>
<stat pass="1" fail="0" skip="0">All Tests</stat>
</total>
<tag>
<stat pass="1" fail="0" skip="0">product</stat>
<stat pass="1" fail="0" skip="0">regression</stat>
</tag>
<suite>
<stat pass="1" fail="0" skip="0" id="s1" name="Simple Test">Simple Test</stat>
</suite>
</statistics>
<errors>
</errors>
</robot>
