<?xml version="1.0" encoding="UTF-8"?>
<robot generator="Robot 7.1 (Python 3.12.7 on darwin)" generated="2024-12-10T15:26:26.920304" rpa="false" schemaversion="5">
<suite id="s1" name="Simple Test" source="/Users/albertfayzullin/Documents/QA/robot_project/test_cases/simple_test.robot">
<kw name="Open Ainur Application" owner="keywords" type="SETUP">
<kw name="Get Env Credentials" owner="variables">
<kw name="Get File" owner="OperatingSystem">
<msg time="2024-12-10T15:26:27.312032" level="INFO" html="true">Getting file '&lt;a href="file:///Users/albertfayzullin/Documents/QA/robot_project/config/.env"&gt;/Users/albertfayzullin/Documents/QA/robot_project/config/.env&lt;/a&gt;'.</msg>
<msg time="2024-12-10T15:26:27.312992" level="INFO">${env_file} = USERNAME=albert.f@ainur.app
PASSWORD=jd12061995
</msg>
<var>${env_file}</var>
<arg>/Users/albertfayzullin/Documents/QA/robot_project/resources/../config/.env</arg>
<doc>Returns the contents of a specified file.</doc>
<status status="PASS" start="2024-12-10T15:26:27.311872" elapsed="0.001213"/>
</kw>
<kw name="Split To Lines" owner="String">
<msg time="2024-12-10T15:26:27.313895" level="INFO">2 lines returned</msg>
<msg time="2024-12-10T15:26:27.314084" level="INFO">@{lines} = [ USERNAME=albert.f@ainur.app | PASSWORD=jd12061995 ]</msg>
<var>@{lines}</var>
<arg>${env_file}</arg>
<doc>Splits the given string to lines.</doc>
<status status="PASS" start="2024-12-10T15:26:27.313562" elapsed="0.000596"/>
</kw>
<for flavor="IN">
<iter>
<kw name="Split String" owner="String">
<msg time="2024-12-10T15:26:27.315594" level="INFO">${key} = USERNAME</msg>
<msg time="2024-12-10T15:26:27.316013" level="INFO">${value} = albert.f@ainur.app</msg>
<var>${key}</var>
<var>${value}</var>
<arg>${line}</arg>
<arg>=</arg>
<doc>Splits the ``string`` using ``separator`` as a delimiter string.</doc>
<status status="PASS" start="2024-12-10T15:26:27.315060" elapsed="0.001126"/>
</kw>
<kw name="Set Suite Variable" owner="BuiltIn">
<msg time="2024-12-10T15:26:27.323788" level="INFO">${USERNAME} = albert.f@ainur.app</msg>
<arg>${${key}}</arg>
<arg>${value}</arg>
<doc>Makes a variable available everywhere within the scope of the current suite.</doc>
<status status="PASS" start="2024-12-10T15:26:27.317282" elapsed="0.006621"/>
</kw>
<var name="${line}">USERNAME=albert.f@ainur.app</var>
<status status="PASS" start="2024-12-10T15:26:27.314818" elapsed="0.009209"/>
</iter>
<iter>
<kw name="Split String" owner="String">
<msg time="2024-12-10T15:26:27.325013" level="INFO">${key} = PASSWORD</msg>
<msg time="2024-12-10T15:26:27.325064" level="INFO">${value} = jd12061995</msg>
<var>${key}</var>
<var>${value}</var>
<arg>${line}</arg>
<arg>=</arg>
<doc>Splits the ``string`` using ``separator`` as a delimiter string.</doc>
<status status="PASS" start="2024-12-10T15:26:27.324742" elapsed="0.000349"/>
</kw>
<kw name="Set Suite Variable" owner="BuiltIn">
<msg time="2024-12-10T15:26:27.326712" level="INFO">${PASSWORD} = jd12061995</msg>
<arg>${${key}}</arg>
<arg>${value}</arg>
<doc>Makes a variable available everywhere within the scope of the current suite.</doc>
<status status="PASS" start="2024-12-10T15:26:27.325248" elapsed="0.001761"/>
</kw>
<var name="${line}">PASSWORD=jd12061995</var>
<status status="PASS" start="2024-12-10T15:26:27.324489" elapsed="0.002676"/>
</iter>
<var>${line}</var>
<value>@{lines}</value>
<status status="PASS" start="2024-12-10T15:26:27.314395" elapsed="0.012847"/>
</for>
<kw name="Log" owner="BuiltIn">
<msg time="2024-12-10T15:26:27.327584" level="INFO">Username: albert.f@ainur.app</msg>
<arg>Username: ${USERNAME}</arg>
<doc>Logs the given message with the given level.</doc>
<status status="PASS" start="2024-12-10T15:26:27.327411" elapsed="0.000227"/>
</kw>
<kw name="Log" owner="BuiltIn">
<msg time="2024-12-10T15:26:27.327883" level="INFO">Password: jd12061995</msg>
<arg>Password: ${PASSWORD}</arg>
<doc>Logs the given message with the given level.</doc>
<status status="PASS" start="2024-12-10T15:26:27.327754" elapsed="0.000176"/>
</kw>
<status status="PASS" start="2024-12-10T15:26:27.311178" elapsed="0.016843"/>
</kw>
<kw name="Log" owner="BuiltIn">
<msg time="2024-12-10T15:26:27.328255" level="INFO">Opening browser with URL: https://web.ainur.app/anonymous/login/</msg>
<arg>Opening browser with URL: ${URL}</arg>
<doc>Logs the given message with the given level.</doc>
<status status="PASS" start="2024-12-10T15:26:27.328129" elapsed="0.000173"/>
</kw>
<kw name="Open Browser" owner="SeleniumLibrary">
<msg time="2024-12-10T15:26:27.328663" level="INFO">Opening browser 'chrome' to base url 'https://web.ainur.app/anonymous/login/'.</msg>
<arg>${URL}</arg>
<arg>${BROWSER}</arg>
<doc>Opens a new browser instance to the optional ``url``.</doc>
<status status="PASS" start="2024-12-10T15:26:27.328438" elapsed="4.871806"/>
</kw>
<kw name="Maximize Browser Window" owner="SeleniumLibrary">
<doc>Maximizes current browser window.</doc>
<status status="PASS" start="2024-12-10T15:26:32.200741" elapsed="0.856650"/>
</kw>
<kw name="Title Should Be" owner="SeleniumLibrary">
<msg time="2024-12-10T15:26:33.141758" level="INFO">Page title is 'Sign in'.</msg>
<arg>Sign in</arg>
<doc>Verifies that the current page title equals ``title``.</doc>
<status status="PASS" start="2024-12-10T15:26:33.057798" elapsed="0.084073"/>
</kw>
<kw name="Log" owner="BuiltIn">
<msg time="2024-12-10T15:26:33.142262" level="INFO">Browser opened successfully</msg>
<arg>Browser opened successfully</arg>
<doc>Logs the given message with the given level.</doc>
<status status="PASS" start="2024-12-10T15:26:33.142084" elapsed="0.000237"/>
</kw>
<status status="PASS" start="2024-12-10T15:26:27.310829" elapsed="5.831630"/>
</kw>
<test id="s1-t1" name="Create Product Successfully" line="8">
<kw name="Given User Is Logged In" owner="keywords">
<kw name="Log" owner="BuiltIn">
<msg time="2024-12-10T15:26:33.144451" level="INFO">Attempting to log in with username: albert.f@ainur.app</msg>
<arg>Attempting to log in with username: ${USERNAME}</arg>
<doc>Logs the given message with the given level.</doc>
<status status="PASS" start="2024-12-10T15:26:33.144271" elapsed="0.000247"/>
</kw>
<kw name="Input Text" owner="SeleniumLibrary">
<msg time="2024-12-10T15:26:33.145360" level="INFO">Typing text 'albert.f@ainur.app' into text field 'login'.</msg>
<arg>${LOGIN_INPUT}</arg>
<arg>${USERNAME}</arg>
<doc>Types the given ``text`` into the text field identified by ``locator``.</doc>
<status status="PASS" start="2024-12-10T15:26:33.144705" elapsed="0.343489"/>
</kw>
<kw name="Input Text" owner="SeleniumLibrary">
<msg time="2024-12-10T15:26:33.488759" level="INFO">Typing text 'jd12061995' into text field 'password'.</msg>
<arg>${PASSWORD_INPUT}</arg>
<arg>${PASSWORD}</arg>
<doc>Types the given ``text`` into the text field identified by ``locator``.</doc>
<status status="PASS" start="2024-12-10T15:26:33.488463" elapsed="0.151259"/>
</kw>
<kw name="Click Element" owner="SeleniumLibrary">
<msg time="2024-12-10T15:26:33.640384" level="INFO">Clicking element 'xpath=//BUTTON[@ng-class='{disabled: loading}']'.</msg>
<arg>${LOGIN_BUTTON}</arg>
<doc>Click the element identified by ``locator``.</doc>
<status status="PASS" start="2024-12-10T15:26:33.639950" elapsed="0.095579"/>
</kw>
<kw name="Run Keyword And Handle Error">
<msg time="2024-12-10T15:26:33.739205" level="FAIL">No keyword with name 'Run Keyword And Handle Error' found. Did you try using keyword 'BuiltIn.Run Keyword' or 'OperatingSystem.Run' and forgot to use enough whitespace between keyword and arguments?</msg>
<arg>Wait Until Page Contains Element</arg>
<arg>${DASHBOARD_ELEMENT}</arg>
<arg>timeout=10s</arg>
<arg>Handle Login Failure</arg>
<status status="FAIL" start="2024-12-10T15:26:33.739112" elapsed="0.000616">No keyword with name 'Run Keyword And Handle Error' found. Did you try using keyword 'BuiltIn.Run Keyword' or 'OperatingSystem.Run' and forgot to use enough whitespace between keyword and arguments?</status>
</kw>
<kw name="Log" owner="BuiltIn">
<arg>Successfully logged in</arg>
<doc>Logs the given message with the given level.</doc>
<status status="NOT RUN" start="2024-12-10T15:26:33.740138" elapsed="0.000056"/>
</kw>
<status status="FAIL" start="2024-12-10T15:26:33.143918" elapsed="0.596681">No keyword with name 'Run Keyword And Handle Error' found. Did you try using keyword 'BuiltIn.Run Keyword' or 'OperatingSystem.Run' and forgot to use enough whitespace between keyword and arguments?</status>
</kw>
<kw name="When User Navigates To Product Page" owner="keywords">
<status status="NOT RUN" start="2024-12-10T15:26:33.741401" elapsed="0.000100"/>
</kw>
<kw name="And User Creates New Product">
<arg>name=AinurAutoTest</arg>
<arg>article=1027514</arg>
<arg>purchase_price=450.5</arg>
<status status="NOT RUN" start="2024-12-10T15:26:33.741970" elapsed="0.000048"/>
</kw>
<doc>Verify successful product creation in Ainur</doc>
<tag>product</tag>
<tag>regression</tag>
<status status="FAIL" start="2024-12-10T15:26:33.142664" elapsed="0.599934">No keyword with name 'Run Keyword And Handle Error' found. Did you try using keyword 'BuiltIn.Run Keyword' or 'OperatingSystem.Run' and forgot to use enough whitespace between keyword and arguments?</status>
</test>
<kw name="Close All Browsers" owner="SeleniumLibrary" type="TEARDOWN">
<doc>Closes all open browsers and resets the browser cache.</doc>
<status status="PASS" start="2024-12-10T15:26:33.744117" elapsed="0.244114"/>
</kw>
<doc>Test suite for product creation in Ainur application</doc>
<status status="FAIL" start="2024-12-10T15:26:26.921955" elapsed="7.066394"/>
</suite>
<statistics>
<total>
<stat pass="0" fail="1" skip="0">All Tests</stat>
</total>
<tag>
<stat pass="0" fail="1" skip="0">product</stat>
<stat pass="0" fail="1" skip="0">regression</stat>
</tag>
<suite>
<stat pass="0" fail="1" skip="0" id="s1" name="Simple Test">Simple Test</stat>
</suite>
</statistics>
<errors>
</errors>
</robot>
